{
  "stats": {
    "suites": 7,
    "tests": 25,
    "passes": 3,
    "pending": 0,
    "failures": 22,
    "start": "2021-03-29T18:51:38.301Z",
    "end": "2021-03-29T18:51:39.654Z",
    "duration": 1353
  },
  "tests": [
    {
      "title": "has an text input field",
      "fullTitle": "RestaurantInput has an text input field",
      "duration": 21,
      "currentRetry": 0,
      "err": {}
    },
    {
      "title": "has an initial state with text key set to empty string",
      "fullTitle": "RestaurantInput has an initial state with text key set to empty string",
      "duration": 6,
      "currentRetry": 0,
      "err": {}
    },
    {
      "title": "changes the component state with an onChange event",
      "fullTitle": "RestaurantInput changes the component state with an onChange event",
      "duration": 3,
      "currentRetry": 0,
      "err": {}
    },
    {
      "title": "updates the state of the store after submitting the form",
      "fullTitle": "RestaurantInput updates the state of the store after submitting the form",
      "duration": 117,
      "currentRetry": 0,
      "err": {
        "stack": "Error: An error was thrown inside one of your components, but React doesn't know what it was. This is likely due to browser flakiness. React does its best to preserve the \"Pause on exceptions\" behavior of the DevTools, which requires some DEV-mode only tricks. It's possible that these don't work in your browser. Try triggering the error in production mode, or switching to a modern browser. If you suspect that this is actually an issue with React, please file an issue.\n    at Object.invokeGuardedCallbackDev (node_modules/react-dom/cjs/react-dom.development.js:143:19)\n    at Object.invokeGuardedCallback (node_modules/react-dom/cjs/react-dom.development.js:187:29)\n    at Object.invokeGuardedCallbackAndCatchFirstError (node_modules/react-dom/cjs/react-dom.development.js:201:43)\n    at executeDispatch (node_modules/react-dom/cjs/react-dom.development.js:461:19)\n    at executeDispatchesInOrder (node_modules/react-dom/cjs/react-dom.development.js:483:5)\n    at executeDispatchesAndRelease (node_modules/react-dom/cjs/react-dom.development.js:581:5)\n    at executeDispatchesAndReleaseSimulated (node_modules/react-dom/cjs/react-dom.development.js:589:10)\n    at forEachAccumulated (node_modules/react-dom/cjs/react-dom.development.js:562:8)\n    at Object.runEventsInBatch (node_modules/react-dom/cjs/react-dom.development.js:721:5)\n    at /mnt/c/Users/jdegr/dev/flatiron/labs/crud-lab-online-web-sp-000/node_modules/react-dom/cjs/react-dom-test-utils.development.js:1002:22\n    at Object.batchedUpdates$1 [as unstable_batchedUpdates] (node_modules/react-dom/cjs/react-dom.development.js:16660:12)\n    at /mnt/c/Users/jdegr/dev/flatiron/labs/crud-lab-online-web-sp-000/node_modules/react-dom/cjs/react-dom-test-utils.development.js:998:14\n    at Object.simulateEvent (node_modules/enzyme-adapter-react-16/build/ReactSixteenAdapter.js:252:15)\n    at ReactWrapper.<anonymous> (node_modules/enzyme/build/ReactWrapper.js:868:29)\n    at ReactWrapper.single (node_modules/enzyme/build/ReactWrapper.js:1534:25)\n    at ReactWrapper.simulate (node_modules/enzyme/build/ReactWrapper.js:867:14)\n    at Context.<anonymous> (test/restaurants-test.js:42:10)\n    at processImmediate (node:internal/timers:464:21)",
        "message": "An error was thrown inside one of your components, but React doesn't know what it was. This is likely due to browser flakiness. React does its best to preserve the \"Pause on exceptions\" behavior of the DevTools, which requires some DEV-mode only tricks. It's possible that these don't work in your browser. Try triggering the error in production mode, or switching to a modern browser. If you suspect that this is actually an issue with React, please file an issue."
      }
    },
    {
      "title": "displays a list of restaurant components",
      "fullTitle": "Restaurants Component displays a list of restaurant components",
      "duration": 18,
      "currentRetry": 0,
      "err": {
        "message": "expected { length: 0 } to have a length of 3 but got 0",
        "showDiff": true,
        "actual": "0",
        "expected": "3",
        "stack": "AssertionError: expected { length: 0 } to have a length of 3 but got 0\n    at Context.<anonymous> (test/restaurants-test.js:57:46)\n    at processImmediate (node:internal/timers:464:21)"
      }
    },
    {
      "title": "displays the appropriate text",
      "fullTitle": "Restaurant Component displays the appropriate text",
      "duration": 1,
      "currentRetry": 0,
      "err": {
        "stack": "ReferenceError: resturant is not defined\n    at Restaurant.render (src/components/restaurants/Restaurant.js:14:30)\n    at ReactShallowRenderer._mountClassComponent (node_modules/react-test-renderer/cjs/react-test-renderer-shallow.development.js:195:37)\n    at ReactShallowRenderer.render (node_modules/react-test-renderer/cjs/react-test-renderer-shallow.development.js:143:14)\n    at /mnt/c/Users/jdegr/dev/flatiron/labs/crud-lab-online-web-sp-000/node_modules/enzyme-adapter-react-16/build/ReactSixteenAdapter.js:287:35\n    at withSetStateAllowed (node_modules/enzyme-adapter-utils/build/Utils.js:103:16)\n    at Object.render (node_modules/enzyme-adapter-react-16/build/ReactSixteenAdapter.js:286:68)\n    at new ShallowWrapper (node_modules/enzyme/build/ShallowWrapper.js:119:22)\n    at shallow (node_modules/enzyme/build/shallow.js:19:10)\n    at Context.<anonymous> (test/restaurants-test.js:64:21)\n    at processImmediate (node:internal/timers:464:21)",
        "message": "resturant is not defined"
      }
    },
    {
      "title": "renders an li",
      "fullTitle": "Restaurant Component renders an li",
      "duration": 1,
      "currentRetry": 0,
      "err": {
        "stack": "ReferenceError: resturant is not defined\n    at Restaurant.render (src/components/restaurants/Restaurant.js:14:30)\n    at ReactShallowRenderer._mountClassComponent (node_modules/react-test-renderer/cjs/react-test-renderer-shallow.development.js:195:37)\n    at ReactShallowRenderer.render (node_modules/react-test-renderer/cjs/react-test-renderer-shallow.development.js:143:14)\n    at /mnt/c/Users/jdegr/dev/flatiron/labs/crud-lab-online-web-sp-000/node_modules/enzyme-adapter-react-16/build/ReactSixteenAdapter.js:287:35\n    at withSetStateAllowed (node_modules/enzyme-adapter-utils/build/Utils.js:103:16)\n    at Object.render (node_modules/enzyme-adapter-react-16/build/ReactSixteenAdapter.js:286:68)\n    at new ShallowWrapper (node_modules/enzyme/build/ShallowWrapper.js:119:22)\n    at shallow (node_modules/enzyme/build/shallow.js:19:10)\n    at Context.<anonymous> (test/restaurants-test.js:70:21)\n    at processImmediate (node:internal/timers:464:21)",
        "message": "resturant is not defined"
      }
    },
    {
      "title": "has an unique id property for each element",
      "fullTitle": "RestaurantInput Component with Redux has an unique id property for each element",
      "duration": 25,
      "currentRetry": 0,
      "err": {
        "stack": "Error: An error was thrown inside one of your components, but React doesn't know what it was. This is likely due to browser flakiness. React does its best to preserve the \"Pause on exceptions\" behavior of the DevTools, which requires some DEV-mode only tricks. It's possible that these don't work in your browser. Try triggering the error in production mode, or switching to a modern browser. If you suspect that this is actually an issue with React, please file an issue.\n    at Object.invokeGuardedCallbackDev (node_modules/react-dom/cjs/react-dom.development.js:143:19)\n    at Object.invokeGuardedCallback (node_modules/react-dom/cjs/react-dom.development.js:187:29)\n    at Object.invokeGuardedCallbackAndCatchFirstError (node_modules/react-dom/cjs/react-dom.development.js:201:43)\n    at executeDispatch (node_modules/react-dom/cjs/react-dom.development.js:461:19)\n    at executeDispatchesInOrder (node_modules/react-dom/cjs/react-dom.development.js:483:5)\n    at executeDispatchesAndRelease (node_modules/react-dom/cjs/react-dom.development.js:581:5)\n    at executeDispatchesAndReleaseSimulated (node_modules/react-dom/cjs/react-dom.development.js:589:10)\n    at forEachAccumulated (node_modules/react-dom/cjs/react-dom.development.js:562:8)\n    at Object.runEventsInBatch (node_modules/react-dom/cjs/react-dom.development.js:721:5)\n    at /mnt/c/Users/jdegr/dev/flatiron/labs/crud-lab-online-web-sp-000/node_modules/react-dom/cjs/react-dom-test-utils.development.js:1002:22\n    at Object.batchedUpdates$1 [as unstable_batchedUpdates] (node_modules/react-dom/cjs/react-dom.development.js:16660:12)\n    at /mnt/c/Users/jdegr/dev/flatiron/labs/crud-lab-online-web-sp-000/node_modules/react-dom/cjs/react-dom-test-utils.development.js:998:14\n    at Object.simulateEvent (node_modules/enzyme-adapter-react-16/build/ReactSixteenAdapter.js:252:15)\n    at ReactWrapper.<anonymous> (node_modules/enzyme/build/ReactWrapper.js:868:29)\n    at ReactWrapper.single (node_modules/enzyme/build/ReactWrapper.js:1534:25)\n    at ReactWrapper.simulate (node_modules/enzyme/build/ReactWrapper.js:867:14)\n    at Context.<anonymous> (test/restaurants-test.js:83:10)\n    at processImmediate (node:internal/timers:464:21)",
        "message": "An error was thrown inside one of your components, but React doesn't know what it was. This is likely due to browser flakiness. React does its best to preserve the \"Pause on exceptions\" behavior of the DevTools, which requires some DEV-mode only tricks. It's possible that these don't work in your browser. Try triggering the error in production mode, or switching to a modern browser. If you suspect that this is actually an issue with React, please file an issue."
      }
    },
    {
      "title": "has the restaurant as a prop",
      "fullTitle": "Restaurant Component with Redux has the restaurant as a prop",
      "duration": 29,
      "currentRetry": 0,
      "err": {
        "stack": "Error: An error was thrown inside one of your components, but React doesn't know what it was. This is likely due to browser flakiness. React does its best to preserve the \"Pause on exceptions\" behavior of the DevTools, which requires some DEV-mode only tricks. It's possible that these don't work in your browser. Try triggering the error in production mode, or switching to a modern browser. If you suspect that this is actually an issue with React, please file an issue.\n    at Object.invokeGuardedCallbackDev (node_modules/react-dom/cjs/react-dom.development.js:143:19)\n    at Object.invokeGuardedCallback (node_modules/react-dom/cjs/react-dom.development.js:187:29)\n    at Object.invokeGuardedCallbackAndCatchFirstError (node_modules/react-dom/cjs/react-dom.development.js:201:43)\n    at executeDispatch (node_modules/react-dom/cjs/react-dom.development.js:461:19)\n    at executeDispatchesInOrder (node_modules/react-dom/cjs/react-dom.development.js:483:5)\n    at executeDispatchesAndRelease (node_modules/react-dom/cjs/react-dom.development.js:581:5)\n    at executeDispatchesAndReleaseSimulated (node_modules/react-dom/cjs/react-dom.development.js:589:10)\n    at forEachAccumulated (node_modules/react-dom/cjs/react-dom.development.js:562:8)\n    at Object.runEventsInBatch (node_modules/react-dom/cjs/react-dom.development.js:721:5)\n    at /mnt/c/Users/jdegr/dev/flatiron/labs/crud-lab-online-web-sp-000/node_modules/react-dom/cjs/react-dom-test-utils.development.js:1002:22\n    at Object.batchedUpdates$1 [as unstable_batchedUpdates] (node_modules/react-dom/cjs/react-dom.development.js:16660:12)\n    at /mnt/c/Users/jdegr/dev/flatiron/labs/crud-lab-online-web-sp-000/node_modules/react-dom/cjs/react-dom-test-utils.development.js:998:14\n    at Object.simulateEvent (node_modules/enzyme-adapter-react-16/build/ReactSixteenAdapter.js:252:15)\n    at ReactWrapper.<anonymous> (node_modules/enzyme/build/ReactWrapper.js:868:29)\n    at ReactWrapper.single (node_modules/enzyme/build/ReactWrapper.js:1534:25)\n    at ReactWrapper.simulate (node_modules/enzyme/build/ReactWrapper.js:867:14)\n    at Context.<anonymous> (test/restaurants-test.js:107:10)\n    at processImmediate (node:internal/timers:464:21)",
        "message": "An error was thrown inside one of your components, but React doesn't know what it was. This is likely due to browser flakiness. React does its best to preserve the \"Pause on exceptions\" behavior of the DevTools, which requires some DEV-mode only tricks. It's possible that these don't work in your browser. Try triggering the error in production mode, or switching to a modern browser. If you suspect that this is actually an issue with React, please file an issue."
      }
    },
    {
      "title": "has a button that dispatches a DELETE_RESTAURANT action with the proper id when clicked",
      "fullTitle": "Restaurant Component with Redux has a button that dispatches a DELETE_RESTAURANT action with the proper id when clicked",
      "duration": 7,
      "currentRetry": 0,
      "err": {
        "stack": "Error: Method “simulate” is only meant to be run on a single node. 0 found instead.\n    at ReactWrapper.single (node_modules/enzyme/build/ReactWrapper.js:1532:17)\n    at ReactWrapper.simulate (node_modules/enzyme/build/ReactWrapper.js:867:14)\n    at Context.<anonymous> (test/restaurants-test.js:125:18)\n    at processImmediate (node:internal/timers:464:21)",
        "message": "Method “simulate” is only meant to be run on a single node. 0 found instead."
      }
    },
    {
      "title": "updates the state of the store to remove the component",
      "fullTitle": "Restaurant Component with Redux updates the state of the store to remove the component",
      "duration": 17,
      "currentRetry": 0,
      "err": {
        "stack": "Error: An error was thrown inside one of your components, but React doesn't know what it was. This is likely due to browser flakiness. React does its best to preserve the \"Pause on exceptions\" behavior of the DevTools, which requires some DEV-mode only tricks. It's possible that these don't work in your browser. Try triggering the error in production mode, or switching to a modern browser. If you suspect that this is actually an issue with React, please file an issue.\n    at Object.invokeGuardedCallbackDev (node_modules/react-dom/cjs/react-dom.development.js:143:19)\n    at Object.invokeGuardedCallback (node_modules/react-dom/cjs/react-dom.development.js:187:29)\n    at Object.invokeGuardedCallbackAndCatchFirstError (node_modules/react-dom/cjs/react-dom.development.js:201:43)\n    at executeDispatch (node_modules/react-dom/cjs/react-dom.development.js:461:19)\n    at executeDispatchesInOrder (node_modules/react-dom/cjs/react-dom.development.js:483:5)\n    at executeDispatchesAndRelease (node_modules/react-dom/cjs/react-dom.development.js:581:5)\n    at executeDispatchesAndReleaseSimulated (node_modules/react-dom/cjs/react-dom.development.js:589:10)\n    at forEachAccumulated (node_modules/react-dom/cjs/react-dom.development.js:562:8)\n    at Object.runEventsInBatch (node_modules/react-dom/cjs/react-dom.development.js:721:5)\n    at /mnt/c/Users/jdegr/dev/flatiron/labs/crud-lab-online-web-sp-000/node_modules/react-dom/cjs/react-dom-test-utils.development.js:1002:22\n    at Object.batchedUpdates$1 [as unstable_batchedUpdates] (node_modules/react-dom/cjs/react-dom.development.js:16660:12)\n    at /mnt/c/Users/jdegr/dev/flatiron/labs/crud-lab-online-web-sp-000/node_modules/react-dom/cjs/react-dom-test-utils.development.js:998:14\n    at Object.simulateEvent (node_modules/enzyme-adapter-react-16/build/ReactSixteenAdapter.js:252:15)\n    at ReactWrapper.<anonymous> (node_modules/enzyme/build/ReactWrapper.js:868:29)\n    at ReactWrapper.single (node_modules/enzyme/build/ReactWrapper.js:1534:25)\n    at ReactWrapper.simulate (node_modules/enzyme/build/ReactWrapper.js:867:14)\n    at Context.<anonymous> (test/restaurants-test.js:140:10)\n    at processImmediate (node:internal/timers:464:21)",
        "message": "An error was thrown inside one of your components, but React doesn't know what it was. This is likely due to browser flakiness. React does its best to preserve the \"Pause on exceptions\" behavior of the DevTools, which requires some DEV-mode only tricks. It's possible that these don't work in your browser. Try triggering the error in production mode, or switching to a modern browser. If you suspect that this is actually an issue with React, please file an issue."
      }
    },
    {
      "title": "displays the ReviewInput component as a child of each Restaurant Component",
      "fullTitle": "ReviewInput Component displays the ReviewInput component as a child of each Restaurant Component",
      "duration": 9,
      "currentRetry": 0,
      "err": {
        "message": "expected { length: 0 } to have a length of 1 but got 0",
        "showDiff": true,
        "actual": "0",
        "expected": "1",
        "stack": "AssertionError: expected { length: 0 } to have a length of 1 but got 0\n    at Context.<anonymous> (test/reviews-test.js:22:47)\n    at processImmediate (node:internal/timers:464:21)"
      }
    },
    {
      "title": "has two text input fields, one for review input, and another for submitting",
      "fullTitle": "ReviewInput Component has two text input fields, one for review input, and another for submitting",
      "duration": 2,
      "currentRetry": 0,
      "err": {
        "message": "expected null to equal 'input'",
        "showDiff": true,
        "actual": null,
        "expected": "input",
        "stack": "AssertionError: expected null to equal 'input'\n    at Context.<anonymous> (test/reviews-test.js:27:53)\n    at processImmediate (node:internal/timers:464:21)"
      }
    },
    {
      "title": "has an initial state with text key set to empty string",
      "fullTitle": "ReviewInput Component has an initial state with text key set to empty string",
      "duration": 2,
      "currentRetry": 0,
      "err": {
        "stack": "TypeError: Cannot read property 'text' of null\n    at ShallowWrapper.state (node_modules/enzyme/build/ShallowWrapper.js:984:24)\n    at Context.<anonymous> (test/reviews-test.js:34:20)\n    at processImmediate (node:internal/timers:464:21)",
        "message": "Cannot read property 'text' of null"
      }
    },
    {
      "title": "changes the component state with an onChange event",
      "fullTitle": "ReviewInput Component changes the component state with an onChange event",
      "duration": 1,
      "currentRetry": 0,
      "err": {
        "stack": "TypeError: Cannot read property 'text' of null\n    at ShallowWrapper.state (node_modules/enzyme/build/ShallowWrapper.js:984:24)\n    at Context.<anonymous> (test/reviews-test.js:39:20)\n    at processImmediate (node:internal/timers:464:21)",
        "message": "Cannot read property 'text' of null"
      }
    },
    {
      "title": "adds a review to the store when the form is submitted",
      "fullTitle": "ReviewInput Component adds a review to the store when the form is submitted",
      "duration": 9,
      "currentRetry": 0,
      "err": {
        "stack": "Error: Method “simulate” is only meant to be run on a single node. 0 found instead.\n    at ReactWrapper.single (node_modules/enzyme/build/ReactWrapper.js:1532:17)\n    at ReactWrapper.simulate (node_modules/enzyme/build/ReactWrapper.js:867:14)\n    at Context.<anonymous> (test/reviews-test.js:54:11)\n    at processImmediate (node:internal/timers:464:21)",
        "message": "Method “simulate” is only meant to be run on a single node. 0 found instead."
      }
    },
    {
      "title": "updates the state of the store after submitting the form",
      "fullTitle": "ReviewInput Component updates the state of the store after submitting the form",
      "duration": 3,
      "currentRetry": 0,
      "err": {
        "stack": "Error: Method “simulate” is only meant to be run on a single node. 0 found instead.\n    at ReactWrapper.single (node_modules/enzyme/build/ReactWrapper.js:1532:17)\n    at ReactWrapper.simulate (node_modules/enzyme/build/ReactWrapper.js:867:14)\n    at Context.<anonymous> (test/reviews-test.js:71:11)\n    at processImmediate (node:internal/timers:464:21)",
        "message": "Method “simulate” is only meant to be run on a single node. 0 found instead."
      }
    },
    {
      "title": "sets a property of restaurantId on the review input component from the parent components id",
      "fullTitle": "ReviewInput Component sets a property of restaurantId on the review input component from the parent components id",
      "duration": 17,
      "currentRetry": 0,
      "err": {
        "stack": "Error: Method “props” is only meant to be run on a single node. 0 found instead.\n    at ReactWrapper.single (node_modules/enzyme/build/ReactWrapper.js:1532:17)\n    at ReactWrapper.props (node_modules/enzyme/build/ReactWrapper.js:889:21)\n    at Context.<anonymous> (test/reviews-test.js:85:19)\n    at processImmediate (node:internal/timers:464:21)",
        "message": "Method “props” is only meant to be run on a single node. 0 found instead."
      }
    },
    {
      "title": "associates the review with the restaurant with a foreign key on the review",
      "fullTitle": "ReviewInput Component associates the review with the restaurant with a foreign key on the review",
      "duration": 10,
      "currentRetry": 0,
      "err": {
        "stack": "Error: Method “simulate” is only meant to be run on a single node. 0 found instead.\n    at ReactWrapper.single (node_modules/enzyme/build/ReactWrapper.js:1532:17)\n    at ReactWrapper.simulate (node_modules/enzyme/build/ReactWrapper.js:867:14)\n    at Context.<anonymous> (test/reviews-test.js:97:15)\n    at processImmediate (node:internal/timers:464:21)",
        "message": "Method “simulate” is only meant to be run on a single node. 0 found instead."
      }
    },
    {
      "title": "is a child of the ReviewsContainer component",
      "fullTitle": "Reviews Component is a child of the ReviewsContainer component",
      "duration": 7,
      "currentRetry": 0,
      "err": {
        "stack": "Error: Method “html” is only meant to be run on a single node. 0 found instead.\n    at ReactWrapper.single (node_modules/enzyme/build/ReactWrapper.js:1532:17)\n    at ReactWrapper.html (node_modules/enzyme/build/ReactWrapper.js:820:21)\n    at Context.<anonymous> (test/reviews-test.js:112:43)\n    at processImmediate (node:internal/timers:464:21)",
        "message": "Method “html” is only meant to be run on a single node. 0 found instead."
      }
    },
    {
      "title": "displays a review for when it is associated with the restaurant",
      "fullTitle": "Reviews Component displays a review for when it is associated with the restaurant",
      "duration": 1,
      "currentRetry": 0,
      "err": {
        "stack": "TypeError: Cannot read property '0' of undefined\n    at Context.<anonymous> (test/reviews-test.js:118:24)\n    at processImmediate (node:internal/timers:464:21)",
        "message": "Cannot read property '0' of undefined"
      }
    },
    {
      "title": "does not display any review unassociated with the restaurant",
      "fullTitle": "Reviews Component does not display any review unassociated with the restaurant",
      "duration": 0,
      "currentRetry": 0,
      "err": {
        "stack": "TypeError: Cannot read property '0' of undefined\n    at Context.<anonymous> (test/reviews-test.js:130:24)\n    at processImmediate (node:internal/timers:464:21)",
        "message": "Cannot read property '0' of undefined"
      }
    },
    {
      "title": "has an unique id property that for each element",
      "fullTitle": "Reviews Component has an unique id property that for each element",
      "duration": 16,
      "currentRetry": 0,
      "err": {
        "stack": "Error: Method “simulate” is only meant to be run on a single node. 0 found instead.\n    at ReactWrapper.single (node_modules/enzyme/build/ReactWrapper.js:1532:17)\n    at ReactWrapper.simulate (node_modules/enzyme/build/ReactWrapper.js:867:14)\n    at Context.<anonymous> (test/reviews-test.js:147:15)\n    at processImmediate (node:internal/timers:464:21)",
        "message": "Method “simulate” is only meant to be run on a single node. 0 found instead."
      }
    },
    {
      "title": "has a button that dispatches a DELETE_REVIEW action when clicked",
      "fullTitle": "Reviews Component has a button that dispatches a DELETE_REVIEW action when clicked",
      "duration": 0,
      "currentRetry": 0,
      "err": {
        "stack": "TypeError: Cannot read property '0' of undefined\n    at Context.<anonymous> (test/reviews-test.js:161:24)\n    at processImmediate (node:internal/timers:464:21)",
        "message": "Cannot read property '0' of undefined"
      }
    },
    {
      "title": "updates the state of the store to remove the component",
      "fullTitle": "Reviews Component updates the state of the store to remove the component",
      "duration": 1,
      "currentRetry": 0,
      "err": {
        "stack": "TypeError: Cannot read property '0' of undefined\n    at Context.<anonymous> (test/reviews-test.js:177:24)\n    at processImmediate (node:internal/timers:464:21)",
        "message": "Cannot read property '0' of undefined"
      }
    }
  ],
  "pending": [],
  "failures": [
    {
      "title": "updates the state of the store after submitting the form",
      "fullTitle": "RestaurantInput updates the state of the store after submitting the form",
      "duration": 117,
      "currentRetry": 0,
      "err": {
        "stack": "Error: An error was thrown inside one of your components, but React doesn't know what it was. This is likely due to browser flakiness. React does its best to preserve the \"Pause on exceptions\" behavior of the DevTools, which requires some DEV-mode only tricks. It's possible that these don't work in your browser. Try triggering the error in production mode, or switching to a modern browser. If you suspect that this is actually an issue with React, please file an issue.\n    at Object.invokeGuardedCallbackDev (node_modules/react-dom/cjs/react-dom.development.js:143:19)\n    at Object.invokeGuardedCallback (node_modules/react-dom/cjs/react-dom.development.js:187:29)\n    at Object.invokeGuardedCallbackAndCatchFirstError (node_modules/react-dom/cjs/react-dom.development.js:201:43)\n    at executeDispatch (node_modules/react-dom/cjs/react-dom.development.js:461:19)\n    at executeDispatchesInOrder (node_modules/react-dom/cjs/react-dom.development.js:483:5)\n    at executeDispatchesAndRelease (node_modules/react-dom/cjs/react-dom.development.js:581:5)\n    at executeDispatchesAndReleaseSimulated (node_modules/react-dom/cjs/react-dom.development.js:589:10)\n    at forEachAccumulated (node_modules/react-dom/cjs/react-dom.development.js:562:8)\n    at Object.runEventsInBatch (node_modules/react-dom/cjs/react-dom.development.js:721:5)\n    at /mnt/c/Users/jdegr/dev/flatiron/labs/crud-lab-online-web-sp-000/node_modules/react-dom/cjs/react-dom-test-utils.development.js:1002:22\n    at Object.batchedUpdates$1 [as unstable_batchedUpdates] (node_modules/react-dom/cjs/react-dom.development.js:16660:12)\n    at /mnt/c/Users/jdegr/dev/flatiron/labs/crud-lab-online-web-sp-000/node_modules/react-dom/cjs/react-dom-test-utils.development.js:998:14\n    at Object.simulateEvent (node_modules/enzyme-adapter-react-16/build/ReactSixteenAdapter.js:252:15)\n    at ReactWrapper.<anonymous> (node_modules/enzyme/build/ReactWrapper.js:868:29)\n    at ReactWrapper.single (node_modules/enzyme/build/ReactWrapper.js:1534:25)\n    at ReactWrapper.simulate (node_modules/enzyme/build/ReactWrapper.js:867:14)\n    at Context.<anonymous> (test/restaurants-test.js:42:10)\n    at processImmediate (node:internal/timers:464:21)",
        "message": "An error was thrown inside one of your components, but React doesn't know what it was. This is likely due to browser flakiness. React does its best to preserve the \"Pause on exceptions\" behavior of the DevTools, which requires some DEV-mode only tricks. It's possible that these don't work in your browser. Try triggering the error in production mode, or switching to a modern browser. If you suspect that this is actually an issue with React, please file an issue."
      }
    },
    {
      "title": "displays a list of restaurant components",
      "fullTitle": "Restaurants Component displays a list of restaurant components",
      "duration": 18,
      "currentRetry": 0,
      "err": {
        "message": "expected { length: 0 } to have a length of 3 but got 0",
        "showDiff": true,
        "actual": "0",
        "expected": "3",
        "stack": "AssertionError: expected { length: 0 } to have a length of 3 but got 0\n    at Context.<anonymous> (test/restaurants-test.js:57:46)\n    at processImmediate (node:internal/timers:464:21)"
      }
    },
    {
      "title": "displays the appropriate text",
      "fullTitle": "Restaurant Component displays the appropriate text",
      "duration": 1,
      "currentRetry": 0,
      "err": {
        "stack": "ReferenceError: resturant is not defined\n    at Restaurant.render (src/components/restaurants/Restaurant.js:14:30)\n    at ReactShallowRenderer._mountClassComponent (node_modules/react-test-renderer/cjs/react-test-renderer-shallow.development.js:195:37)\n    at ReactShallowRenderer.render (node_modules/react-test-renderer/cjs/react-test-renderer-shallow.development.js:143:14)\n    at /mnt/c/Users/jdegr/dev/flatiron/labs/crud-lab-online-web-sp-000/node_modules/enzyme-adapter-react-16/build/ReactSixteenAdapter.js:287:35\n    at withSetStateAllowed (node_modules/enzyme-adapter-utils/build/Utils.js:103:16)\n    at Object.render (node_modules/enzyme-adapter-react-16/build/ReactSixteenAdapter.js:286:68)\n    at new ShallowWrapper (node_modules/enzyme/build/ShallowWrapper.js:119:22)\n    at shallow (node_modules/enzyme/build/shallow.js:19:10)\n    at Context.<anonymous> (test/restaurants-test.js:64:21)\n    at processImmediate (node:internal/timers:464:21)",
        "message": "resturant is not defined"
      }
    },
    {
      "title": "renders an li",
      "fullTitle": "Restaurant Component renders an li",
      "duration": 1,
      "currentRetry": 0,
      "err": {
        "stack": "ReferenceError: resturant is not defined\n    at Restaurant.render (src/components/restaurants/Restaurant.js:14:30)\n    at ReactShallowRenderer._mountClassComponent (node_modules/react-test-renderer/cjs/react-test-renderer-shallow.development.js:195:37)\n    at ReactShallowRenderer.render (node_modules/react-test-renderer/cjs/react-test-renderer-shallow.development.js:143:14)\n    at /mnt/c/Users/jdegr/dev/flatiron/labs/crud-lab-online-web-sp-000/node_modules/enzyme-adapter-react-16/build/ReactSixteenAdapter.js:287:35\n    at withSetStateAllowed (node_modules/enzyme-adapter-utils/build/Utils.js:103:16)\n    at Object.render (node_modules/enzyme-adapter-react-16/build/ReactSixteenAdapter.js:286:68)\n    at new ShallowWrapper (node_modules/enzyme/build/ShallowWrapper.js:119:22)\n    at shallow (node_modules/enzyme/build/shallow.js:19:10)\n    at Context.<anonymous> (test/restaurants-test.js:70:21)\n    at processImmediate (node:internal/timers:464:21)",
        "message": "resturant is not defined"
      }
    },
    {
      "title": "has an unique id property for each element",
      "fullTitle": "RestaurantInput Component with Redux has an unique id property for each element",
      "duration": 25,
      "currentRetry": 0,
      "err": {
        "stack": "Error: An error was thrown inside one of your components, but React doesn't know what it was. This is likely due to browser flakiness. React does its best to preserve the \"Pause on exceptions\" behavior of the DevTools, which requires some DEV-mode only tricks. It's possible that these don't work in your browser. Try triggering the error in production mode, or switching to a modern browser. If you suspect that this is actually an issue with React, please file an issue.\n    at Object.invokeGuardedCallbackDev (node_modules/react-dom/cjs/react-dom.development.js:143:19)\n    at Object.invokeGuardedCallback (node_modules/react-dom/cjs/react-dom.development.js:187:29)\n    at Object.invokeGuardedCallbackAndCatchFirstError (node_modules/react-dom/cjs/react-dom.development.js:201:43)\n    at executeDispatch (node_modules/react-dom/cjs/react-dom.development.js:461:19)\n    at executeDispatchesInOrder (node_modules/react-dom/cjs/react-dom.development.js:483:5)\n    at executeDispatchesAndRelease (node_modules/react-dom/cjs/react-dom.development.js:581:5)\n    at executeDispatchesAndReleaseSimulated (node_modules/react-dom/cjs/react-dom.development.js:589:10)\n    at forEachAccumulated (node_modules/react-dom/cjs/react-dom.development.js:562:8)\n    at Object.runEventsInBatch (node_modules/react-dom/cjs/react-dom.development.js:721:5)\n    at /mnt/c/Users/jdegr/dev/flatiron/labs/crud-lab-online-web-sp-000/node_modules/react-dom/cjs/react-dom-test-utils.development.js:1002:22\n    at Object.batchedUpdates$1 [as unstable_batchedUpdates] (node_modules/react-dom/cjs/react-dom.development.js:16660:12)\n    at /mnt/c/Users/jdegr/dev/flatiron/labs/crud-lab-online-web-sp-000/node_modules/react-dom/cjs/react-dom-test-utils.development.js:998:14\n    at Object.simulateEvent (node_modules/enzyme-adapter-react-16/build/ReactSixteenAdapter.js:252:15)\n    at ReactWrapper.<anonymous> (node_modules/enzyme/build/ReactWrapper.js:868:29)\n    at ReactWrapper.single (node_modules/enzyme/build/ReactWrapper.js:1534:25)\n    at ReactWrapper.simulate (node_modules/enzyme/build/ReactWrapper.js:867:14)\n    at Context.<anonymous> (test/restaurants-test.js:83:10)\n    at processImmediate (node:internal/timers:464:21)",
        "message": "An error was thrown inside one of your components, but React doesn't know what it was. This is likely due to browser flakiness. React does its best to preserve the \"Pause on exceptions\" behavior of the DevTools, which requires some DEV-mode only tricks. It's possible that these don't work in your browser. Try triggering the error in production mode, or switching to a modern browser. If you suspect that this is actually an issue with React, please file an issue."
      }
    },
    {
      "title": "has the restaurant as a prop",
      "fullTitle": "Restaurant Component with Redux has the restaurant as a prop",
      "duration": 29,
      "currentRetry": 0,
      "err": {
        "stack": "Error: An error was thrown inside one of your components, but React doesn't know what it was. This is likely due to browser flakiness. React does its best to preserve the \"Pause on exceptions\" behavior of the DevTools, which requires some DEV-mode only tricks. It's possible that these don't work in your browser. Try triggering the error in production mode, or switching to a modern browser. If you suspect that this is actually an issue with React, please file an issue.\n    at Object.invokeGuardedCallbackDev (node_modules/react-dom/cjs/react-dom.development.js:143:19)\n    at Object.invokeGuardedCallback (node_modules/react-dom/cjs/react-dom.development.js:187:29)\n    at Object.invokeGuardedCallbackAndCatchFirstError (node_modules/react-dom/cjs/react-dom.development.js:201:43)\n    at executeDispatch (node_modules/react-dom/cjs/react-dom.development.js:461:19)\n    at executeDispatchesInOrder (node_modules/react-dom/cjs/react-dom.development.js:483:5)\n    at executeDispatchesAndRelease (node_modules/react-dom/cjs/react-dom.development.js:581:5)\n    at executeDispatchesAndReleaseSimulated (node_modules/react-dom/cjs/react-dom.development.js:589:10)\n    at forEachAccumulated (node_modules/react-dom/cjs/react-dom.development.js:562:8)\n    at Object.runEventsInBatch (node_modules/react-dom/cjs/react-dom.development.js:721:5)\n    at /mnt/c/Users/jdegr/dev/flatiron/labs/crud-lab-online-web-sp-000/node_modules/react-dom/cjs/react-dom-test-utils.development.js:1002:22\n    at Object.batchedUpdates$1 [as unstable_batchedUpdates] (node_modules/react-dom/cjs/react-dom.development.js:16660:12)\n    at /mnt/c/Users/jdegr/dev/flatiron/labs/crud-lab-online-web-sp-000/node_modules/react-dom/cjs/react-dom-test-utils.development.js:998:14\n    at Object.simulateEvent (node_modules/enzyme-adapter-react-16/build/ReactSixteenAdapter.js:252:15)\n    at ReactWrapper.<anonymous> (node_modules/enzyme/build/ReactWrapper.js:868:29)\n    at ReactWrapper.single (node_modules/enzyme/build/ReactWrapper.js:1534:25)\n    at ReactWrapper.simulate (node_modules/enzyme/build/ReactWrapper.js:867:14)\n    at Context.<anonymous> (test/restaurants-test.js:107:10)\n    at processImmediate (node:internal/timers:464:21)",
        "message": "An error was thrown inside one of your components, but React doesn't know what it was. This is likely due to browser flakiness. React does its best to preserve the \"Pause on exceptions\" behavior of the DevTools, which requires some DEV-mode only tricks. It's possible that these don't work in your browser. Try triggering the error in production mode, or switching to a modern browser. If you suspect that this is actually an issue with React, please file an issue."
      }
    },
    {
      "title": "has a button that dispatches a DELETE_RESTAURANT action with the proper id when clicked",
      "fullTitle": "Restaurant Component with Redux has a button that dispatches a DELETE_RESTAURANT action with the proper id when clicked",
      "duration": 7,
      "currentRetry": 0,
      "err": {
        "stack": "Error: Method “simulate” is only meant to be run on a single node. 0 found instead.\n    at ReactWrapper.single (node_modules/enzyme/build/ReactWrapper.js:1532:17)\n    at ReactWrapper.simulate (node_modules/enzyme/build/ReactWrapper.js:867:14)\n    at Context.<anonymous> (test/restaurants-test.js:125:18)\n    at processImmediate (node:internal/timers:464:21)",
        "message": "Method “simulate” is only meant to be run on a single node. 0 found instead."
      }
    },
    {
      "title": "updates the state of the store to remove the component",
      "fullTitle": "Restaurant Component with Redux updates the state of the store to remove the component",
      "duration": 17,
      "currentRetry": 0,
      "err": {
        "stack": "Error: An error was thrown inside one of your components, but React doesn't know what it was. This is likely due to browser flakiness. React does its best to preserve the \"Pause on exceptions\" behavior of the DevTools, which requires some DEV-mode only tricks. It's possible that these don't work in your browser. Try triggering the error in production mode, or switching to a modern browser. If you suspect that this is actually an issue with React, please file an issue.\n    at Object.invokeGuardedCallbackDev (node_modules/react-dom/cjs/react-dom.development.js:143:19)\n    at Object.invokeGuardedCallback (node_modules/react-dom/cjs/react-dom.development.js:187:29)\n    at Object.invokeGuardedCallbackAndCatchFirstError (node_modules/react-dom/cjs/react-dom.development.js:201:43)\n    at executeDispatch (node_modules/react-dom/cjs/react-dom.development.js:461:19)\n    at executeDispatchesInOrder (node_modules/react-dom/cjs/react-dom.development.js:483:5)\n    at executeDispatchesAndRelease (node_modules/react-dom/cjs/react-dom.development.js:581:5)\n    at executeDispatchesAndReleaseSimulated (node_modules/react-dom/cjs/react-dom.development.js:589:10)\n    at forEachAccumulated (node_modules/react-dom/cjs/react-dom.development.js:562:8)\n    at Object.runEventsInBatch (node_modules/react-dom/cjs/react-dom.development.js:721:5)\n    at /mnt/c/Users/jdegr/dev/flatiron/labs/crud-lab-online-web-sp-000/node_modules/react-dom/cjs/react-dom-test-utils.development.js:1002:22\n    at Object.batchedUpdates$1 [as unstable_batchedUpdates] (node_modules/react-dom/cjs/react-dom.development.js:16660:12)\n    at /mnt/c/Users/jdegr/dev/flatiron/labs/crud-lab-online-web-sp-000/node_modules/react-dom/cjs/react-dom-test-utils.development.js:998:14\n    at Object.simulateEvent (node_modules/enzyme-adapter-react-16/build/ReactSixteenAdapter.js:252:15)\n    at ReactWrapper.<anonymous> (node_modules/enzyme/build/ReactWrapper.js:868:29)\n    at ReactWrapper.single (node_modules/enzyme/build/ReactWrapper.js:1534:25)\n    at ReactWrapper.simulate (node_modules/enzyme/build/ReactWrapper.js:867:14)\n    at Context.<anonymous> (test/restaurants-test.js:140:10)\n    at processImmediate (node:internal/timers:464:21)",
        "message": "An error was thrown inside one of your components, but React doesn't know what it was. This is likely due to browser flakiness. React does its best to preserve the \"Pause on exceptions\" behavior of the DevTools, which requires some DEV-mode only tricks. It's possible that these don't work in your browser. Try triggering the error in production mode, or switching to a modern browser. If you suspect that this is actually an issue with React, please file an issue."
      }
    },
    {
      "title": "displays the ReviewInput component as a child of each Restaurant Component",
      "fullTitle": "ReviewInput Component displays the ReviewInput component as a child of each Restaurant Component",
      "duration": 9,
      "currentRetry": 0,
      "err": {
        "message": "expected { length: 0 } to have a length of 1 but got 0",
        "showDiff": true,
        "actual": "0",
        "expected": "1",
        "stack": "AssertionError: expected { length: 0 } to have a length of 1 but got 0\n    at Context.<anonymous> (test/reviews-test.js:22:47)\n    at processImmediate (node:internal/timers:464:21)"
      }
    },
    {
      "title": "has two text input fields, one for review input, and another for submitting",
      "fullTitle": "ReviewInput Component has two text input fields, one for review input, and another for submitting",
      "duration": 2,
      "currentRetry": 0,
      "err": {
        "message": "expected null to equal 'input'",
        "showDiff": true,
        "actual": null,
        "expected": "input",
        "stack": "AssertionError: expected null to equal 'input'\n    at Context.<anonymous> (test/reviews-test.js:27:53)\n    at processImmediate (node:internal/timers:464:21)"
      }
    },
    {
      "title": "has an initial state with text key set to empty string",
      "fullTitle": "ReviewInput Component has an initial state with text key set to empty string",
      "duration": 2,
      "currentRetry": 0,
      "err": {
        "stack": "TypeError: Cannot read property 'text' of null\n    at ShallowWrapper.state (node_modules/enzyme/build/ShallowWrapper.js:984:24)\n    at Context.<anonymous> (test/reviews-test.js:34:20)\n    at processImmediate (node:internal/timers:464:21)",
        "message": "Cannot read property 'text' of null"
      }
    },
    {
      "title": "changes the component state with an onChange event",
      "fullTitle": "ReviewInput Component changes the component state with an onChange event",
      "duration": 1,
      "currentRetry": 0,
      "err": {
        "stack": "TypeError: Cannot read property 'text' of null\n    at ShallowWrapper.state (node_modules/enzyme/build/ShallowWrapper.js:984:24)\n    at Context.<anonymous> (test/reviews-test.js:39:20)\n    at processImmediate (node:internal/timers:464:21)",
        "message": "Cannot read property 'text' of null"
      }
    },
    {
      "title": "adds a review to the store when the form is submitted",
      "fullTitle": "ReviewInput Component adds a review to the store when the form is submitted",
      "duration": 9,
      "currentRetry": 0,
      "err": {
        "stack": "Error: Method “simulate” is only meant to be run on a single node. 0 found instead.\n    at ReactWrapper.single (node_modules/enzyme/build/ReactWrapper.js:1532:17)\n    at ReactWrapper.simulate (node_modules/enzyme/build/ReactWrapper.js:867:14)\n    at Context.<anonymous> (test/reviews-test.js:54:11)\n    at processImmediate (node:internal/timers:464:21)",
        "message": "Method “simulate” is only meant to be run on a single node. 0 found instead."
      }
    },
    {
      "title": "updates the state of the store after submitting the form",
      "fullTitle": "ReviewInput Component updates the state of the store after submitting the form",
      "duration": 3,
      "currentRetry": 0,
      "err": {
        "stack": "Error: Method “simulate” is only meant to be run on a single node. 0 found instead.\n    at ReactWrapper.single (node_modules/enzyme/build/ReactWrapper.js:1532:17)\n    at ReactWrapper.simulate (node_modules/enzyme/build/ReactWrapper.js:867:14)\n    at Context.<anonymous> (test/reviews-test.js:71:11)\n    at processImmediate (node:internal/timers:464:21)",
        "message": "Method “simulate” is only meant to be run on a single node. 0 found instead."
      }
    },
    {
      "title": "sets a property of restaurantId on the review input component from the parent components id",
      "fullTitle": "ReviewInput Component sets a property of restaurantId on the review input component from the parent components id",
      "duration": 17,
      "currentRetry": 0,
      "err": {
        "stack": "Error: Method “props” is only meant to be run on a single node. 0 found instead.\n    at ReactWrapper.single (node_modules/enzyme/build/ReactWrapper.js:1532:17)\n    at ReactWrapper.props (node_modules/enzyme/build/ReactWrapper.js:889:21)\n    at Context.<anonymous> (test/reviews-test.js:85:19)\n    at processImmediate (node:internal/timers:464:21)",
        "message": "Method “props” is only meant to be run on a single node. 0 found instead."
      }
    },
    {
      "title": "associates the review with the restaurant with a foreign key on the review",
      "fullTitle": "ReviewInput Component associates the review with the restaurant with a foreign key on the review",
      "duration": 10,
      "currentRetry": 0,
      "err": {
        "stack": "Error: Method “simulate” is only meant to be run on a single node. 0 found instead.\n    at ReactWrapper.single (node_modules/enzyme/build/ReactWrapper.js:1532:17)\n    at ReactWrapper.simulate (node_modules/enzyme/build/ReactWrapper.js:867:14)\n    at Context.<anonymous> (test/reviews-test.js:97:15)\n    at processImmediate (node:internal/timers:464:21)",
        "message": "Method “simulate” is only meant to be run on a single node. 0 found instead."
      }
    },
    {
      "title": "is a child of the ReviewsContainer component",
      "fullTitle": "Reviews Component is a child of the ReviewsContainer component",
      "duration": 7,
      "currentRetry": 0,
      "err": {
        "stack": "Error: Method “html” is only meant to be run on a single node. 0 found instead.\n    at ReactWrapper.single (node_modules/enzyme/build/ReactWrapper.js:1532:17)\n    at ReactWrapper.html (node_modules/enzyme/build/ReactWrapper.js:820:21)\n    at Context.<anonymous> (test/reviews-test.js:112:43)\n    at processImmediate (node:internal/timers:464:21)",
        "message": "Method “html” is only meant to be run on a single node. 0 found instead."
      }
    },
    {
      "title": "displays a review for when it is associated with the restaurant",
      "fullTitle": "Reviews Component displays a review for when it is associated with the restaurant",
      "duration": 1,
      "currentRetry": 0,
      "err": {
        "stack": "TypeError: Cannot read property '0' of undefined\n    at Context.<anonymous> (test/reviews-test.js:118:24)\n    at processImmediate (node:internal/timers:464:21)",
        "message": "Cannot read property '0' of undefined"
      }
    },
    {
      "title": "does not display any review unassociated with the restaurant",
      "fullTitle": "Reviews Component does not display any review unassociated with the restaurant",
      "duration": 0,
      "currentRetry": 0,
      "err": {
        "stack": "TypeError: Cannot read property '0' of undefined\n    at Context.<anonymous> (test/reviews-test.js:130:24)\n    at processImmediate (node:internal/timers:464:21)",
        "message": "Cannot read property '0' of undefined"
      }
    },
    {
      "title": "has an unique id property that for each element",
      "fullTitle": "Reviews Component has an unique id property that for each element",
      "duration": 16,
      "currentRetry": 0,
      "err": {
        "stack": "Error: Method “simulate” is only meant to be run on a single node. 0 found instead.\n    at ReactWrapper.single (node_modules/enzyme/build/ReactWrapper.js:1532:17)\n    at ReactWrapper.simulate (node_modules/enzyme/build/ReactWrapper.js:867:14)\n    at Context.<anonymous> (test/reviews-test.js:147:15)\n    at processImmediate (node:internal/timers:464:21)",
        "message": "Method “simulate” is only meant to be run on a single node. 0 found instead."
      }
    },
    {
      "title": "has a button that dispatches a DELETE_REVIEW action when clicked",
      "fullTitle": "Reviews Component has a button that dispatches a DELETE_REVIEW action when clicked",
      "duration": 0,
      "currentRetry": 0,
      "err": {
        "stack": "TypeError: Cannot read property '0' of undefined\n    at Context.<anonymous> (test/reviews-test.js:161:24)\n    at processImmediate (node:internal/timers:464:21)",
        "message": "Cannot read property '0' of undefined"
      }
    },
    {
      "title": "updates the state of the store to remove the component",
      "fullTitle": "Reviews Component updates the state of the store to remove the component",
      "duration": 1,
      "currentRetry": 0,
      "err": {
        "stack": "TypeError: Cannot read property '0' of undefined\n    at Context.<anonymous> (test/reviews-test.js:177:24)\n    at processImmediate (node:internal/timers:464:21)",
        "message": "Cannot read property '0' of undefined"
      }
    }
  ],
  "passes": [
    {
      "title": "has an text input field",
      "fullTitle": "RestaurantInput has an text input field",
      "duration": 21,
      "currentRetry": 0,
      "err": {}
    },
    {
      "title": "has an initial state with text key set to empty string",
      "fullTitle": "RestaurantInput has an initial state with text key set to empty string",
      "duration": 6,
      "currentRetry": 0,
      "err": {}
    },
    {
      "title": "changes the component state with an onChange event",
      "fullTitle": "RestaurantInput changes the component state with an onChange event",
      "duration": 3,
      "currentRetry": 0,
      "err": {}
    }
  ]
}